C:\Users\Marcos\Desktop\工具\point\Debug\point.exe
C:\Users\Marcos\Desktop\工具\point\Debug\point.ilk
C:\Users\Marcos\Desktop\工具\point\Debug\point.pdb
C:\Users\Marcos\Desktop\工具\point\point\Debug\cl.command.1.tlog
C:\Users\Marcos\Desktop\工具\point\point\Debug\CL.read.1.tlog
C:\Users\Marcos\Desktop\工具\point\point\Debug\CL.write.1.tlog
C:\Users\Marcos\Desktop\工具\point\point\Debug\link.4484.read.1.tlog
C:\Users\Marcos\Desktop\工具\point\point\Debug\link.4484.write.1.tlog
C:\Users\Marcos\Desktop\工具\point\point\Debug\link.4484-cvtres.read.1.tlog
C:\Users\Marcos\Desktop\工具\point\point\Debug\link.4484-cvtres.write.1.tlog
C:\Users\Marcos\Desktop\工具\point\point\Debug\link.5088.read.1.tlog
C:\Users\Marcos\Desktop\工具\point\point\Debug\link.5088.write.1.tlog
C:\Users\Marcos\Desktop\工具\point\point\Debug\link.5088-cvtres.read.1.tlog
C:\Users\Marcos\Desktop\工具\point\point\Debug\link.5088-cvtres.write.1.tlog
C:\Users\Marcos\Desktop\工具\point\point\Debug\link.command.1.tlog
C:\Users\Marcos\Desktop\工具\point\point\Debug\link.read.1.tlog
C:\Users\Marcos\Desktop\工具\point\point\Debug\link.write.1.tlog
C:\Users\Marcos\Desktop\工具\point\point\Debug\link-cvtres.read.1.tlog
C:\Users\Marcos\Desktop\工具\point\point\Debug\link-cvtres.write.1.tlog
C:\Users\Marcos\Desktop\工具\point\point\Debug\mt.command.1.tlog
C:\Users\Marcos\Desktop\工具\point\point\Debug\mt.read.1.tlog
C:\Users\Marcos\Desktop\工具\point\point\Debug\mt.write.1.tlog
C:\Users\Marcos\Desktop\工具\point\point\Debug\point.exe.embed.manifest
C:\Users\Marcos\Desktop\工具\point\point\Debug\point.exe.embed.manifest.res
C:\Users\Marcos\Desktop\工具\point\point\Debug\point.exe.intermediate.manifest
C:\Users\Marcos\Desktop\工具\point\point\Debug\point.obj
C:\Users\Marcos\Desktop\工具\point\point\Debug\point.pch
C:\Users\Marcos\Desktop\工具\point\point\Debug\point.vcxprojResolveAssemblyReference.cache
C:\Users\Marcos\Desktop\工具\point\point\Debug\point.write.1.tlog
C:\Users\Marcos\Desktop\工具\point\point\Debug\point_manifest.rc
C:\Users\Marcos\Desktop\工具\point\point\Debug\rc.command.1.tlog
C:\Users\Marcos\Desktop\工具\point\point\Debug\rc.read.1.tlog
C:\Users\Marcos\Desktop\工具\point\point\Debug\rc.write.1.tlog
C:\Users\Marcos\Desktop\工具\point\point\Debug\stdafx.obj
C:\Users\Marcos\Desktop\工具\point\point\Debug\vc100.idb
C:\Users\Marcos\Desktop\工具\point\point\Debug\vc100.pdb
E:\PROJECT_SU\POINT\DEBUG\POINT.EXE
E:\PROJECT_SU\POINT\DEBUG\POINT.ILK
E:\PROJECT_SU\POINT\DEBUG\POINT.PDB
E:\PROJECT_SU\POINT\POINT\DEBUG\POINT.EXE.EMBED.MANIFEST
E:\PROJECT_SU\POINT\POINT\DEBUG\POINT.EXE.EMBED.MANIFEST.RES
E:\PROJECT_SU\POINT\POINT\DEBUG\POINT.EXE.INTERMEDIATE.MANIFEST
E:\PROJECT_SU\POINT\POINT\DEBUG\POINT.OBJ
E:\PROJECT_SU\POINT\POINT\DEBUG\POINT.PCH
E:\PROJECT_SU\POINT\POINT\DEBUG\STDAFX.OBJ
E:\PROJECT_SU\POINT\POINT\DEBUG\VC100.PDB
