C:\Users\Marcos\Desktop\工具\thin\Debug\thin.exe
C:\Users\Marcos\Desktop\工具\thin\Debug\thin.ilk
C:\Users\Marcos\Desktop\工具\thin\Debug\thin.pdb
C:\Users\Marcos\Desktop\工具\thin\thin\Debug\cl.command.1.tlog
C:\Users\Marcos\Desktop\工具\thin\thin\Debug\CL.read.1.tlog
C:\Users\Marcos\Desktop\工具\thin\thin\Debug\CL.write.1.tlog
C:\Users\Marcos\Desktop\工具\thin\thin\Debug\link.4068.read.1.tlog
C:\Users\Marcos\Desktop\工具\thin\thin\Debug\link.4068.write.1.tlog
C:\Users\Marcos\Desktop\工具\thin\thin\Debug\link.4068-cvtres.read.1.tlog
C:\Users\Marcos\Desktop\工具\thin\thin\Debug\link.4068-cvtres.write.1.tlog
C:\Users\Marcos\Desktop\工具\thin\thin\Debug\link.5476.read.1.tlog
C:\Users\Marcos\Desktop\工具\thin\thin\Debug\link.5476.write.1.tlog
C:\Users\Marcos\Desktop\工具\thin\thin\Debug\link.5476-cvtres.read.1.tlog
C:\Users\Marcos\Desktop\工具\thin\thin\Debug\link.5476-cvtres.write.1.tlog
C:\Users\Marcos\Desktop\工具\thin\thin\Debug\link.command.1.tlog
C:\Users\Marcos\Desktop\工具\thin\thin\Debug\link.read.1.tlog
C:\Users\Marcos\Desktop\工具\thin\thin\Debug\link.write.1.tlog
C:\Users\Marcos\Desktop\工具\thin\thin\Debug\link-cvtres.read.1.tlog
C:\Users\Marcos\Desktop\工具\thin\thin\Debug\link-cvtres.write.1.tlog
C:\Users\Marcos\Desktop\工具\thin\thin\Debug\mt.command.1.tlog
C:\Users\Marcos\Desktop\工具\thin\thin\Debug\mt.read.1.tlog
C:\Users\Marcos\Desktop\工具\thin\thin\Debug\mt.write.1.tlog
C:\Users\Marcos\Desktop\工具\thin\thin\Debug\rc.command.1.tlog
C:\Users\Marcos\Desktop\工具\thin\thin\Debug\rc.read.1.tlog
C:\Users\Marcos\Desktop\工具\thin\thin\Debug\rc.write.1.tlog
C:\Users\Marcos\Desktop\工具\thin\thin\Debug\stdafx.obj
C:\Users\Marcos\Desktop\工具\thin\thin\Debug\thin.exe.embed.manifest
C:\Users\Marcos\Desktop\工具\thin\thin\Debug\thin.exe.embed.manifest.res
C:\Users\Marcos\Desktop\工具\thin\thin\Debug\thin.exe.intermediate.manifest
C:\Users\Marcos\Desktop\工具\thin\thin\Debug\thin.obj
C:\Users\Marcos\Desktop\工具\thin\thin\Debug\thin.pch
C:\Users\Marcos\Desktop\工具\thin\thin\Debug\thin.vcxprojResolveAssemblyReference.cache
C:\Users\Marcos\Desktop\工具\thin\thin\Debug\thin.write.1.tlog
C:\Users\Marcos\Desktop\工具\thin\thin\Debug\thin_manifest.rc
C:\Users\Marcos\Desktop\工具\thin\thin\Debug\vc100.idb
C:\Users\Marcos\Desktop\工具\thin\thin\Debug\vc100.pdb
E:\PROJECT_SU\THIN\DEBUG\THIN.EXE
E:\PROJECT_SU\THIN\DEBUG\THIN.ILK
E:\PROJECT_SU\THIN\DEBUG\THIN.PDB
E:\PROJECT_SU\THIN\THIN\DEBUG\STDAFX.OBJ
E:\PROJECT_SU\THIN\THIN\DEBUG\THIN.EXE.EMBED.MANIFEST
E:\PROJECT_SU\THIN\THIN\DEBUG\THIN.EXE.EMBED.MANIFEST.RES
E:\PROJECT_SU\THIN\THIN\DEBUG\THIN.EXE.INTERMEDIATE.MANIFEST
E:\PROJECT_SU\THIN\THIN\DEBUG\THIN.OBJ
E:\PROJECT_SU\THIN\THIN\DEBUG\THIN.PCH
E:\PROJECT_SU\THIN\THIN\DEBUG\VC100.PDB
