E:\PAINTER1.0\DEBUG\PAINTER1.0.EXE
E:\PAINTER1.0\DEBUG\PAINTER1.0.ILK
E:\PAINTER1.0\DEBUG\PAINTER1.0.PDB
E:\painter1.0\painter1.0\Debug\cl.command.1.tlog
E:\painter1.0\painter1.0\Debug\CL.read.1.tlog
E:\painter1.0\painter1.0\Debug\CL.write.1.tlog
E:\PAINTER1.0\PAINTER1.0\DEBUG\DRAWCIRCLE.OBJ
E:\PAINTER1.0\PAINTER1.0\DEBUG\DRAWLINE.OBJ
E:\PAINTER1.0\PAINTER1.0\DEBUG\DRAWRECT.OBJ
E:\PAINTER1.0\PAINTER1.0\DEBUG\DRAWSHAPE.OBJ
E:\PAINTER1.0\PAINTER1.0\DEBUG\DRAWSPECIAL.OBJ
E:\painter1.0\painter1.0\Debug\link.command.1.tlog
E:\painter1.0\painter1.0\Debug\link.read.1.tlog
E:\painter1.0\painter1.0\Debug\link.write.1.tlog
E:\painter1.0\painter1.0\Debug\link-cvtres.read.1.tlog
E:\painter1.0\painter1.0\Debug\link-cvtres.write.1.tlog
E:\PAINTER1.0\PAINTER1.0\DEBUG\MAINFRM.OBJ
E:\painter1.0\painter1.0\Debug\mt.command.1.tlog
E:\painter1.0\painter1.0\Debug\mt.read.1.tlog
E:\painter1.0\painter1.0\Debug\mt.write.1.tlog
E:\PAINTER1.0\PAINTER1.0\DEBUG\PAINTER1.0.EXE.EMBED.MANIFEST
E:\PAINTER1.0\PAINTER1.0\DEBUG\PAINTER1.0.EXE.EMBED.MANIFEST.RES
E:\PAINTER1.0\PAINTER1.0\DEBUG\PAINTER1.0.EXE.INTERMEDIATE.MANIFEST
E:\PAINTER1.0\PAINTER1.0\DEBUG\PAINTER1.0.OBJ
E:\PAINTER1.0\PAINTER1.0\DEBUG\PAINTER1.0.PCH
E:\PAINTER1.0\PAINTER1.0\DEBUG\PAINTER1.0.RES
E:\painter1.0\painter1.0\Debug\painter1.0.vcxprojResolveAssemblyReference.cache
E:\painter1.0\painter1.0\Debug\painter1.0.write.1.tlog
E:\painter1.0\painter1.0\Debug\painter1.0_manifest.rc
E:\PAINTER1.0\PAINTER1.0\DEBUG\PAINTER1.0DOC.OBJ
E:\PAINTER1.0\PAINTER1.0\DEBUG\PAINTER1.0VIEW.OBJ
E:\painter1.0\painter1.0\Debug\rc.command.1.tlog
E:\painter1.0\painter1.0\Debug\rc.read.1.tlog
E:\painter1.0\painter1.0\Debug\rc.write.1.tlog
E:\PAINTER1.0\PAINTER1.0\DEBUG\SHAREDPARA.OBJ
E:\PAINTER1.0\PAINTER1.0\DEBUG\STDAFX.OBJ
E:\painter1.0\painter1.0\Debug\vc100.idb
E:\PAINTER1.0\PAINTER1.0\DEBUG\VC100.PDB
