Build started 2014/5/23 8:07:52.
     1>Project "E:\painter1.0\painter1.0\painter1.0.vcxproj" on node 2 (build target(s)).
     1>InitializeBuildStatus:
         Creating "Debug\painter1.0.unsuccessfulbuild" because "AlwaysCreate" was specified.
       ClCompile:
         All outputs are up-to-date.
         E:\Program Files (x86)\Microsoft Visual Studio 10.0\VC\bin\CL.exe /c /ZI /nologo /W3 /WX- /Od /Oy- /D WIN32 /D _WINDOWS /D _DEBUG /D _UNICODE /D UNICODE /D _AFXDLL /Gm /EHsc /RTC1 /MDd /GS /fp:precise /Zc:wchar_t /Zc:forScope /Yu"StdAfx.h" /Fp"Debug\painter1.0.pch" /Fo"Debug\\" /Fd"Debug\vc100.pdb" /Gd /TP /analyze- /errorReport:prompt painter1.0View.cpp
         painter1.0View.cpp
       ResourceCompile:
         All outputs are up-to-date.
       ManifestResourceCompile:
         All outputs are up-to-date.
       Link:
         E:\Program Files (x86)\Microsoft Visual Studio 10.0\VC\bin\link.exe /ERRORREPORT:PROMPT /OUT:"E:\painter1.0\Debug\painter1.0.exe" /INCREMENTAL /NOLOGO /MANIFEST /ManifestFile:"Debug\painter1.0.exe.intermediate.manifest" /MANIFESTUAC:"level='asInvoker' uiAccess='false'" /DEBUG /PDB:"E:\painter1.0\Debug\painter1.0.pdb" /SUBSYSTEM:WINDOWS /TLBID:1 /ENTRY:"wWinMainCRTStartup" /DYNAMICBASE /NXCOMPAT /IMPLIB:"E:\painter1.0\Debug\painter1.0.lib" /MACHINE:X86 Debug\painter1.0.res
         Debug\painter1.0.exe.embed.manifest.res
         Debug\DrawCircle.obj
         Debug\DrawLine.obj
         Debug\DrawSpecial.obj
         Debug\DrawRect.obj
         Debug\DrawShape.obj
         Debug\MainFrm.obj
         Debug\painter1.0.obj
         Debug\painter1.0Doc.obj
         Debug\painter1.0View.obj
         Debug\SharedPara.obj
         Debug\stdafx.obj
       Manifest:
         C:\Program Files (x86)\Microsoft SDKs\Windows\v7.0A\bin\mt.exe /nologo /verbose /out:"Debug\painter1.0.exe.embed.manifest" /manifest Debug\painter1.0.exe.intermediate.manifest "E:\Program Files (x86)\Microsoft Visual Studio 10.0\VC\Include\Manifest\dpiaware.manifest"
         All outputs are up-to-date.
       LinkEmbedManifest:
         All outputs are up-to-date.
         painter1.0.vcxproj -> E:\painter1.0\Debug\painter1.0.exe
       FinalizeBuildStatus:
         Deleting file "Debug\painter1.0.unsuccessfulbuild".
         Touching "Debug\painter1.0.lastbuildstate".
     1>Done Building Project "E:\painter1.0\painter1.0\painter1.0.vcxproj" (build target(s)).

Build succeeded.

Time Elapsed 00:00:20.35
